current directory: /home/ec2-user/sampo-log/shared/bundle/ruby/2.5.0/gems/bcrypt-3.1.16/ext/mri
/home/ec2-user/.rbenv/versions/2.5.7/bin/ruby -r ./siteconf20201022-13738-1p6k3kq.rb extconf.rb
creating Makefile

current directory: /home/ec2-user/sampo-log/shared/bundle/ruby/2.5.0/gems/bcrypt-3.1.16/ext/mri
make "DESTDIR=" clean

current directory: /home/ec2-user/sampo-log/shared/bundle/ruby/2.5.0/gems/bcrypt-3.1.16/ext/mri
make "DESTDIR="
compiling bcrypt_ext.c
compiling crypt_blowfish.c
gcc  -D__SKIP_GNU -I/home/ec2-user/.rbenv/versions/2.5.7/include     -c -o x86.o x86.S
compiling crypt_gensalt.c
compiling wrapper.c
wrapper.c:182:60: warning: ‘struct crypt_data’ declared inside parameter list [enabled by default]
 char *crypt_r(const char *key, const char *setting, struct crypt_data *data)
                                                            ^
wrapper.c:182:60: warning: its scope is only this definition or declaration, which is probably not what you want [enabled by default]
cc1: warning: unrecognized command line option "-Wno-self-assign" [enabled by default]
cc1: warning: unrecognized command line option "-Wno-constant-logical-operand" [enabled by default]
cc1: warning: unrecognized command line option "-Wno-parentheses-equality" [enabled by default]
cc1: warning: unrecognized command line option "-Wno-tautological-compare" [enabled by default]
linking shared-object bcrypt_ext.so

current directory: /home/ec2-user/sampo-log/shared/bundle/ruby/2.5.0/gems/bcrypt-3.1.16/ext/mri
make "DESTDIR=" install
/usr/bin/install -c -m 0755 bcrypt_ext.so ./.gem.20201022-13738-m9mvk8
